<?xml version="1.0" encoding="UTF-8"?>
<testsuites>
  <testsuite name="phptests" tests="111" assertions="175" errors="0" warnings="1" failures="3" skipped="0" time="0.054150">
    <testsuite name="AuthUserTest" file="/home/darkhole/Projects/actions_sandbox/phptests/Core/AuthUserTest.php" tests="5" assertions="11" errors="0" warnings="0" failures="0" skipped="0" time="0.005788">
      <testcase name="basic" class="AuthUserTest" classname="AuthUserTest" file="/home/darkhole/Projects/actions_sandbox/phptests/Core/AuthUserTest.php" line="11" assertions="1" time="0.002162"/>
      <testcase name="toJsonString_fromSessionCache" class="AuthUserTest" classname="AuthUserTest" file="/home/darkhole/Projects/actions_sandbox/phptests/Core/AuthUserTest.php" line="17" assertions="2" time="0.000295"/>
      <testcase name="toJsonString_requireInfo" class="AuthUserTest" classname="AuthUserTest" file="/home/darkhole/Projects/actions_sandbox/phptests/Core/AuthUserTest.php" line="30" assertions="4" time="0.002929"/>
      <testcase name="logout" class="AuthUserTest" classname="AuthUserTest" file="/home/darkhole/Projects/actions_sandbox/phptests/Core/AuthUserTest.php" line="47" assertions="2" time="0.000135"/>
      <testcase name="tasksProvider" class="AuthUserTest" classname="AuthUserTest" file="/home/darkhole/Projects/actions_sandbox/phptests/Core/AuthUserTest.php" line="56" assertions="2" time="0.000267"/>
    </testsuite>
    <testsuite name="CSessionTest" file="/home/darkhole/Projects/actions_sandbox/phptests/Core/CSessionTest.php" tests="4" assertions="8" errors="0" warnings="0" failures="0" skipped="0" time="0.000761">
      <testcase name="itemGet_returnNullIfNotActive" class="CSessionTest" classname="CSessionTest" file="/home/darkhole/Projects/actions_sandbox/phptests/Core/CSessionTest.php" line="7" assertions="2" time="0.000311"/>
      <testcase name="itemGet_decodeJson" class="CSessionTest" classname="CSessionTest" file="/home/darkhole/Projects/actions_sandbox/phptests/Core/CSessionTest.php" line="16" assertions="2" time="0.000202"/>
      <testcase name="itemSet_returnNullIfNotActive" class="CSessionTest" classname="CSessionTest" file="/home/darkhole/Projects/actions_sandbox/phptests/Core/CSessionTest.php" line="26" assertions="2" time="0.000078"/>
      <testcase name="itemSet_encodeJson" class="CSessionTest" classname="CSessionTest" file="/home/darkhole/Projects/actions_sandbox/phptests/Core/CSessionTest.php" line="35" assertions="2" time="0.000170"/>
    </testsuite>
    <testsuite name="CuTaskTest" file="/home/darkhole/Projects/actions_sandbox/phptests/Core/CuTaskTest.php" tests="1" assertions="1" errors="0" warnings="0" failures="0" skipped="0" time="0.000142">
      <testcase name="details_decodeJson" class="CuTaskTest" classname="CuTaskTest" file="/home/darkhole/Projects/actions_sandbox/phptests/Core/CuTaskTest.php" line="7" assertions="1" time="0.000142"/>
    </testsuite>
    <testsuite name="CuTasksTest" file="/home/darkhole/Projects/actions_sandbox/phptests/Core/CuTasksTest.php" tests="3" assertions="6" errors="0" warnings="0" failures="0" skipped="0" time="0.000823">
      <testcase name="create_serializeTask" class="CuTasksTest" classname="CuTasksTest" file="/home/darkhole/Projects/actions_sandbox/phptests/Core/CuTasksTest.php" line="9" assertions="3" time="0.000425"/>
      <testcase name="all_convertDbData" class="CuTasksTest" classname="CuTasksTest" file="/home/darkhole/Projects/actions_sandbox/phptests/Core/CuTasksTest.php" line="21" assertions="1" time="0.000259"/>
      <testcase name="get_null" class="CuTasksTest" classname="CuTasksTest" file="/home/darkhole/Projects/actions_sandbox/phptests/Core/CuTasksTest.php" line="40" assertions="2" time="0.000139"/>
    </testsuite>
    <testsuite name="EmptyUserTest" file="/home/darkhole/Projects/actions_sandbox/phptests/Core/EmptyUserTest.php" tests="1" assertions="2" errors="0" warnings="0" failures="0" skipped="0" time="0.000090">
      <testcase name="basic" class="EmptyUserTest" classname="EmptyUserTest" file="/home/darkhole/Projects/actions_sandbox/phptests/Core/EmptyUserTest.php" line="7" assertions="2" time="0.000090"/>
    </testsuite>
    <testsuite name="UsersRepositoryTest" file="/home/darkhole/Projects/actions_sandbox/phptests/Core/UsersRepositoryTest.php" tests="5" assertions="6" errors="0" warnings="0" failures="0" skipped="0" time="0.000597">
      <testcase name="loginFailed" class="UsersRepositoryTest" classname="UsersRepositoryTest" file="/home/darkhole/Projects/actions_sandbox/phptests/Core/UsersRepositoryTest.php" line="10" assertions="1" time="0.000134"/>
      <testcase name="loginSuccess" class="UsersRepositoryTest" classname="UsersRepositoryTest" file="/home/darkhole/Projects/actions_sandbox/phptests/Core/UsersRepositoryTest.php" line="21" assertions="1" time="0.000157"/>
      <testcase name="setupSessionOnLogin" class="UsersRepositoryTest" classname="UsersRepositoryTest" file="/home/darkhole/Projects/actions_sandbox/phptests/Core/UsersRepositoryTest.php" line="32" assertions="1" time="0.000060"/>
      <testcase name="getEmptyCurrentUser" class="UsersRepositoryTest" classname="UsersRepositoryTest" file="/home/darkhole/Projects/actions_sandbox/phptests/Core/UsersRepositoryTest.php" line="44" assertions="1" time="0.000054"/>
      <testcase name="getCurrentUser" class="UsersRepositoryTest" classname="UsersRepositoryTest" file="/home/darkhole/Projects/actions_sandbox/phptests/Core/UsersRepositoryTest.php" line="53" assertions="2" time="0.000192"/>
    </testsuite>
    <testsuite name="CdbAdapterTest" file="/home/darkhole/Projects/actions_sandbox/phptests/Database/CdbAdapterTest.php" tests="1" assertions="2" errors="0" warnings="0" failures="0" skipped="0" time="0.000279">
      <testcase name="queryCollectStats" class="CdbAdapterTest" classname="CdbAdapterTest" file="/home/darkhole/Projects/actions_sandbox/phptests/Database/CdbAdapterTest.php" line="7" assertions="2" time="0.000279"/>
    </testsuite>
    <testsuite name="CdbUTasks" file="/home/darkhole/Projects/actions_sandbox/phptests/Database/CdbTaskTest.php" tests="2" assertions="5" errors="0" warnings="0" failures="0" skipped="0" time="0.000233">
      <testcase name="baseTest" class="CdbUTasks" classname="CdbUTasks" file="/home/darkhole/Projects/actions_sandbox/phptests/Database/CdbTaskTest.php" line="8" assertions="2" time="0.000173"/>
      <testcase name="updateTest" class="CdbUTasks" classname="CdbUTasks" file="/home/darkhole/Projects/actions_sandbox/phptests/Database/CdbTaskTest.php" line="15" assertions="3" time="0.000060"/>
    </testsuite>
    <testsuite name="CdbUTasksTest" file="/home/darkhole/Projects/actions_sandbox/phptests/Database/CdbTasksTest.php" tests="2" assertions="3" errors="0" warnings="0" failures="0" skipped="0" time="0.000118">
      <testcase name="create_returnID" class="CdbUTasksTest" classname="CdbUTasksTest" file="/home/darkhole/Projects/actions_sandbox/phptests/Database/CdbTasksTest.php" line="9" assertions="2" time="0.000063"/>
      <testcase name="get_nullIfNotExist" class="CdbUTasksTest" classname="CdbUTasksTest" file="/home/darkhole/Projects/actions_sandbox/phptests/Database/CdbTasksTest.php" line="19" assertions="1" time="0.000055"/>
    </testsuite>
    <testsuite name="CdbUserDataTest" file="/home/darkhole/Projects/actions_sandbox/phptests/Database/CdbUserDataTest.php" tests="7" assertions="16" errors="0" warnings="0" failures="0" skipped="0" time="0.000457">
      <testcase name="get_query" class="CdbUserDataTest" classname="CdbUserDataTest" file="/home/darkhole/Projects/actions_sandbox/phptests/Database/CdbUserDataTest.php" line="8" assertions="4" time="0.000112"/>
      <testcase name="get_emptyObject" class="CdbUserDataTest" classname="CdbUserDataTest" file="/home/darkhole/Projects/actions_sandbox/phptests/Database/CdbUserDataTest.php" line="21" assertions="1" time="0.000057"/>
      <testcase name="get_createField" class="CdbUserDataTest" classname="CdbUserDataTest" file="/home/darkhole/Projects/actions_sandbox/phptests/Database/CdbUserDataTest.php" line="29" assertions="1" time="0.000059"/>
      <testcase name="get_createComplexField" class="CdbUserDataTest" classname="CdbUserDataTest" file="/home/darkhole/Projects/actions_sandbox/phptests/Database/CdbUserDataTest.php" line="39" assertions="1" time="0.000056"/>
      <testcase name="get_emptyFieldByDefault" class="CdbUserDataTest" classname="CdbUserDataTest" file="/home/darkhole/Projects/actions_sandbox/phptests/Database/CdbUserDataTest.php" line="49" assertions="1" time="0.000054"/>
      <testcase name="put_query" class="CdbUserDataTest" classname="CdbUserDataTest" file="/home/darkhole/Projects/actions_sandbox/phptests/Database/CdbUserDataTest.php" line="57" assertions="4" time="0.000061"/>
      <testcase name="delete" class="CdbUserDataTest" classname="CdbUserDataTest" file="/home/darkhole/Projects/actions_sandbox/phptests/Database/CdbUserDataTest.php" line="73" assertions="4" time="0.000058"/>
    </testsuite>
    <testsuite name="CdbUserTest" file="/home/darkhole/Projects/actions_sandbox/phptests/Database/CdbUserTest.php" tests="4" assertions="4" errors="0" warnings="0" failures="0" skipped="0" time="0.000481">
      <testcase name="UserData_get" class="CdbUserTest" classname="CdbUserTest" file="/home/darkhole/Projects/actions_sandbox/phptests/Database/CdbUserTest.php" line="8" assertions="1" time="0.000143"/>
      <testcase name="UserData_put" class="CdbUserTest" classname="CdbUserTest" file="/home/darkhole/Projects/actions_sandbox/phptests/Database/CdbUserTest.php" line="17" assertions="1" time="0.000145"/>
      <testcase name="UserData_delete" class="CdbUserTest" classname="CdbUserTest" file="/home/darkhole/Projects/actions_sandbox/phptests/Database/CdbUserTest.php" line="26" assertions="1" time="0.000136"/>
      <testcase name="tasks_userID" class="CdbUserTest" classname="CdbUserTest" file="/home/darkhole/Projects/actions_sandbox/phptests/Database/CdbUserTest.php" line="35" assertions="1" time="0.000057"/>
    </testsuite>
    <testsuite name="CdbUsersTest" file="/home/darkhole/Projects/actions_sandbox/phptests/Database/CdbUsersTest.php" tests="5" assertions="12" errors="0" warnings="0" failures="0" skipped="0" time="0.000287">
      <testcase name="basicSuccessLogin" class="CdbUsersTest" classname="CdbUsersTest" file="/home/darkhole/Projects/actions_sandbox/phptests/Database/CdbUsersTest.php" line="8" assertions="2" time="0.000060"/>
      <testcase name="login_query" class="CdbUsersTest" classname="CdbUsersTest" file="/home/darkhole/Projects/actions_sandbox/phptests/Database/CdbUsersTest.php" line="19" assertions="4" time="0.000058"/>
      <testcase name="nullIfNotFounded" class="CdbUsersTest" classname="CdbUsersTest" file="/home/darkhole/Projects/actions_sandbox/phptests/Database/CdbUsersTest.php" line="32" assertions="1" time="0.000059"/>
      <testcase name="byID" class="CdbUsersTest" classname="CdbUsersTest" file="/home/darkhole/Projects/actions_sandbox/phptests/Database/CdbUsersTest.php" line="39" assertions="2" time="0.000055"/>
      <testcase name="byID_query" class="CdbUsersTest" classname="CdbUsersTest" file="/home/darkhole/Projects/actions_sandbox/phptests/Database/CdbUsersTest.php" line="50" assertions="3" time="0.000055"/>
    </testsuite>
    <testsuite name="CmrArrayTest" file="/home/darkhole/Projects/actions_sandbox/phptests/Globals/CmrArrayTest.php" tests="2" assertions="2" errors="0" warnings="0" failures="0" skipped="0" time="0.000144">
      <testcase name="accessToKeyValue" class="CmrArrayTest" classname="CmrArrayTest" file="/home/darkhole/Projects/actions_sandbox/phptests/Globals/CmrArrayTest.php" line="7" assertions="1" time="0.000088"/>
      <testcase name="accessToUndefinedKey" class="CmrArrayTest" classname="CmrArrayTest" file="/home/darkhole/Projects/actions_sandbox/phptests/Globals/CmrArrayTest.php" line="13" assertions="1" time="0.000056"/>
    </testsuite>
    <testsuite name="FakeDB_Test" file="/home/darkhole/Projects/actions_sandbox/phptests/Mocks/FakeDB_Test.php" tests="2" assertions="3" errors="0" warnings="0" failures="0" skipped="0" time="0.000107">
      <testcase name="queryReturnNull" class="FakeDB_Test" classname="FakeDB_Test" file="/home/darkhole/Projects/actions_sandbox/phptests/Mocks/FakeDB_Test.php" line="7" assertions="1" time="0.000055"/>
      <testcase name="queryReturnStats" class="FakeDB_Test" classname="FakeDB_Test" file="/home/darkhole/Projects/actions_sandbox/phptests/Mocks/FakeDB_Test.php" line="13" assertions="2" time="0.000052"/>
    </testsuite>
    <testsuite name="SecurityPolicyTest" file="/home/darkhole/Projects/actions_sandbox/phptests/SecurityPolicyTest.php" tests="3" assertions="4" errors="0" warnings="0" failures="0" skipped="0" time="0.000272">
      <testcase name="alwaysSame" class="SecurityPolicyTest" classname="SecurityPolicyTest" file="/home/darkhole/Projects/actions_sandbox/phptests/SecurityPolicyTest.php" line="7" assertions="1" time="0.000088"/>
      <testcase name="different" class="SecurityPolicyTest" classname="SecurityPolicyTest" file="/home/darkhole/Projects/actions_sandbox/phptests/SecurityPolicyTest.php" line="15" assertions="1" time="0.000128"/>
      <testcase name="exactHash" class="SecurityPolicyTest" classname="SecurityPolicyTest" file="/home/darkhole/Projects/actions_sandbox/phptests/SecurityPolicyTest.php" line="23" assertions="2" time="0.000056"/>
    </testsuite>
    <testsuite name="CtfCommonTest" file="/home/darkhole/Projects/actions_sandbox/phptests/UserTasks/Common/CtfCommonTest.php" tests="3" assertions="4" errors="0" warnings="0" failures="0" skipped="0" time="0.000260">
      <testcase name="fullyValid" class="CtfCommonTest" classname="CtfCommonTest" file="/home/darkhole/Projects/actions_sandbox/phptests/UserTasks/Common/CtfCommonTest.php" line="19" assertions="1" time="0.000148"/>
      <testcase name="dateMustBeSet" class="CtfCommonTest" classname="CtfCommonTest" file="/home/darkhole/Projects/actions_sandbox/phptests/UserTasks/Common/CtfCommonTest.php" line="25" assertions="2" time="0.000058"/>
      <testcase name="dateOnlyInDDMMYYYY" class="CtfCommonTest" classname="CtfCommonTest" file="/home/darkhole/Projects/actions_sandbox/phptests/UserTasks/Common/CtfCommonTest.php" line="35" assertions="1" time="0.000054"/>
    </testsuite>
    <testsuite name="UserTasks_Instagram_CCropsTest" file="/home/darkhole/Projects/actions_sandbox/phptests/UserTasks/Instagram/CCropsTest.php" tests="6" assertions="9" errors="0" warnings="0" failures="0" skipped="0" time="0.000508">
      <testcase name="implements_IUserTask" class="UserTasks_Instagram_CCropsTest" classname="UserTasks_Instagram_CCropsTest" file="/home/darkhole/Projects/actions_sandbox/phptests/UserTasks/Instagram/CCropsTest.php" line="27" assertions="1" time="0.000197"/>
      <testcase name="toJson_basic" class="UserTasks_Instagram_CCropsTest" classname="UserTasks_Instagram_CCropsTest" file="/home/darkhole/Projects/actions_sandbox/phptests/UserTasks/Instagram/CCropsTest.php" line="33" assertions="1" time="0.000069"/>
      <testcase name="isValid_valid" class="UserTasks_Instagram_CCropsTest" classname="UserTasks_Instagram_CCropsTest" file="/home/darkhole/Projects/actions_sandbox/phptests/UserTasks/Instagram/CCropsTest.php" line="39" assertions="1" time="0.000060"/>
      <testcase name="isValid_commonFieldsNotEmpty" class="UserTasks_Instagram_CCropsTest" classname="UserTasks_Instagram_CCropsTest" file="/home/darkhole/Projects/actions_sandbox/phptests/UserTasks/Instagram/CCropsTest.php" line="45" assertions="3" time="0.000062"/>
      <testcase name="isValid_coverageNotEmpty" class="UserTasks_Instagram_CCropsTest" classname="UserTasks_Instagram_CCropsTest" file="/home/darkhole/Projects/actions_sandbox/phptests/UserTasks/Instagram/CCropsTest.php" line="53" assertions="1" time="0.000058"/>
      <testcase name="isValid_atLeastOneCoverageFields" class="UserTasks_Instagram_CCropsTest" classname="UserTasks_Instagram_CCropsTest" file="/home/darkhole/Projects/actions_sandbox/phptests/UserTasks/Instagram/CCropsTest.php" line="59" assertions="2" time="0.000062"/>
    </testsuite>
    <testsuite name="UserTasks_Instagram_CTargetingTest" file="/home/darkhole/Projects/actions_sandbox/phptests/UserTasks/Instagram/CTargetingTest.php" tests="6" assertions="9" errors="0" warnings="0" failures="0" skipped="0" time="0.000395">
      <testcase name="implements_IUserTask" class="UserTasks_Instagram_CTargetingTest" classname="UserTasks_Instagram_CTargetingTest" file="/home/darkhole/Projects/actions_sandbox/phptests/UserTasks/Instagram/CTargetingTest.php" line="27" assertions="1" time="0.000098"/>
      <testcase name="toJson_basic" class="UserTasks_Instagram_CTargetingTest" classname="UserTasks_Instagram_CTargetingTest" file="/home/darkhole/Projects/actions_sandbox/phptests/UserTasks/Instagram/CTargetingTest.php" line="33" assertions="1" time="0.000061"/>
      <testcase name="isValid_valid" class="UserTasks_Instagram_CTargetingTest" classname="UserTasks_Instagram_CTargetingTest" file="/home/darkhole/Projects/actions_sandbox/phptests/UserTasks/Instagram/CTargetingTest.php" line="39" assertions="1" time="0.000057"/>
      <testcase name="isValid_commonFieldsNotEmpty" class="UserTasks_Instagram_CTargetingTest" classname="UserTasks_Instagram_CTargetingTest" file="/home/darkhole/Projects/actions_sandbox/phptests/UserTasks/Instagram/CTargetingTest.php" line="45" assertions="3" time="0.000061"/>
      <testcase name="isValid_coverageNotEmpty" class="UserTasks_Instagram_CTargetingTest" classname="UserTasks_Instagram_CTargetingTest" file="/home/darkhole/Projects/actions_sandbox/phptests/UserTasks/Instagram/CTargetingTest.php" line="53" assertions="1" time="0.000056"/>
      <testcase name="isValid_atLeastOneCoverageFields" class="UserTasks_Instagram_CTargetingTest" classname="UserTasks_Instagram_CTargetingTest" file="/home/darkhole/Projects/actions_sandbox/phptests/UserTasks/Instagram/CTargetingTest.php" line="59" assertions="2" time="0.000062"/>
    </testsuite>
    <testsuite name="UserTasks_OK_CCropsTest" file="/home/darkhole/Projects/actions_sandbox/phptests/UserTasks/OK/CCropsTest.php" tests="6" assertions="8" errors="0" warnings="0" failures="0" skipped="0" time="0.000397">
      <testcase name="implements_IUserTask" class="UserTasks_OK_CCropsTest" classname="UserTasks_OK_CCropsTest" file="/home/darkhole/Projects/actions_sandbox/phptests/UserTasks/OK/CCropsTest.php" line="27" assertions="1" time="0.000101"/>
      <testcase name="toJson_basic" class="UserTasks_OK_CCropsTest" classname="UserTasks_OK_CCropsTest" file="/home/darkhole/Projects/actions_sandbox/phptests/UserTasks/OK/CCropsTest.php" line="33" assertions="1" time="0.000062"/>
      <testcase name="isValid_valid" class="UserTasks_OK_CCropsTest" classname="UserTasks_OK_CCropsTest" file="/home/darkhole/Projects/actions_sandbox/phptests/UserTasks/OK/CCropsTest.php" line="39" assertions="1" time="0.000056"/>
      <testcase name="isValid_commonFieldsNotEmpty" class="UserTasks_OK_CCropsTest" classname="UserTasks_OK_CCropsTest" file="/home/darkhole/Projects/actions_sandbox/phptests/UserTasks/OK/CCropsTest.php" line="45" assertions="3" time="0.000060"/>
      <testcase name="isValid_coverageNotEmpty" class="UserTasks_OK_CCropsTest" classname="UserTasks_OK_CCropsTest" file="/home/darkhole/Projects/actions_sandbox/phptests/UserTasks/OK/CCropsTest.php" line="53" assertions="1" time="0.000056"/>
      <testcase name="isValid_atLeastOneCoverageFields" class="UserTasks_OK_CCropsTest" classname="UserTasks_OK_CCropsTest" file="/home/darkhole/Projects/actions_sandbox/phptests/UserTasks/OK/CCropsTest.php" line="59" assertions="1" time="0.000062"/>
    </testsuite>
    <testsuite name="UserTasks_OK_CTargetingTest" file="/home/darkhole/Projects/actions_sandbox/phptests/UserTasks/OK/CTargetingTest.php" tests="6" assertions="8" errors="0" warnings="0" failures="0" skipped="0" time="0.000388">
      <testcase name="implements_IUserTask" class="UserTasks_OK_CTargetingTest" classname="UserTasks_OK_CTargetingTest" file="/home/darkhole/Projects/actions_sandbox/phptests/UserTasks/OK/CTargetingTest.php" line="27" assertions="1" time="0.000096"/>
      <testcase name="toJson_basic" class="UserTasks_OK_CTargetingTest" classname="UserTasks_OK_CTargetingTest" file="/home/darkhole/Projects/actions_sandbox/phptests/UserTasks/OK/CTargetingTest.php" line="33" assertions="1" time="0.000061"/>
      <testcase name="isValid_valid" class="UserTasks_OK_CTargetingTest" classname="UserTasks_OK_CTargetingTest" file="/home/darkhole/Projects/actions_sandbox/phptests/UserTasks/OK/CTargetingTest.php" line="39" assertions="1" time="0.000056"/>
      <testcase name="isValid_commonFieldsNotEmpty" class="UserTasks_OK_CTargetingTest" classname="UserTasks_OK_CTargetingTest" file="/home/darkhole/Projects/actions_sandbox/phptests/UserTasks/OK/CTargetingTest.php" line="45" assertions="3" time="0.000060"/>
      <testcase name="isValid_coverageNotEmpty" class="UserTasks_OK_CTargetingTest" classname="UserTasks_OK_CTargetingTest" file="/home/darkhole/Projects/actions_sandbox/phptests/UserTasks/OK/CTargetingTest.php" line="53" assertions="1" time="0.000060"/>
      <testcase name="isValid_atLeastOneCoverageFields" class="UserTasks_OK_CTargetingTest" classname="UserTasks_OK_CTargetingTest" file="/home/darkhole/Projects/actions_sandbox/phptests/UserTasks/OK/CTargetingTest.php" line="59" assertions="1" time="0.000055"/>
    </testsuite>
    <testsuite name="UserTasks_TikTok_CCropsTest" file="/home/darkhole/Projects/actions_sandbox/phptests/UserTasks/TikTok/CCropsTest.php" tests="6" assertions="9" errors="0" warnings="0" failures="0" skipped="0" time="0.000392">
      <testcase name="implements_IUserTask" class="UserTasks_TikTok_CCropsTest" classname="UserTasks_TikTok_CCropsTest" file="/home/darkhole/Projects/actions_sandbox/phptests/UserTasks/TikTok/CCropsTest.php" line="27" assertions="1" time="0.000100"/>
      <testcase name="toJson_basic" class="UserTasks_TikTok_CCropsTest" classname="UserTasks_TikTok_CCropsTest" file="/home/darkhole/Projects/actions_sandbox/phptests/UserTasks/TikTok/CCropsTest.php" line="33" assertions="1" time="0.000060"/>
      <testcase name="isValid_valid" class="UserTasks_TikTok_CCropsTest" classname="UserTasks_TikTok_CCropsTest" file="/home/darkhole/Projects/actions_sandbox/phptests/UserTasks/TikTok/CCropsTest.php" line="39" assertions="1" time="0.000056"/>
      <testcase name="isValid_commonFieldsNotEmpty" class="UserTasks_TikTok_CCropsTest" classname="UserTasks_TikTok_CCropsTest" file="/home/darkhole/Projects/actions_sandbox/phptests/UserTasks/TikTok/CCropsTest.php" line="45" assertions="3" time="0.000059"/>
      <testcase name="isValid_coverageNotEmpty" class="UserTasks_TikTok_CCropsTest" classname="UserTasks_TikTok_CCropsTest" file="/home/darkhole/Projects/actions_sandbox/phptests/UserTasks/TikTok/CCropsTest.php" line="53" assertions="1" time="0.000056"/>
      <testcase name="isValid_atLeastOneCoverageFields" class="UserTasks_TikTok_CCropsTest" classname="UserTasks_TikTok_CCropsTest" file="/home/darkhole/Projects/actions_sandbox/phptests/UserTasks/TikTok/CCropsTest.php" line="59" assertions="2" time="0.000061"/>
    </testsuite>
    <testsuite name="UserTasks_TikTok_CTargetingTest" file="/home/darkhole/Projects/actions_sandbox/phptests/UserTasks/TikTok/CTargetingTest.php" tests="6" assertions="8" errors="0" warnings="0" failures="0" skipped="0" time="0.000383">
      <testcase name="implements_IUserTask" class="UserTasks_TikTok_CTargetingTest" classname="UserTasks_TikTok_CTargetingTest" file="/home/darkhole/Projects/actions_sandbox/phptests/UserTasks/TikTok/CTargetingTest.php" line="27" assertions="1" time="0.000096"/>
      <testcase name="toJson_basic" class="UserTasks_TikTok_CTargetingTest" classname="UserTasks_TikTok_CTargetingTest" file="/home/darkhole/Projects/actions_sandbox/phptests/UserTasks/TikTok/CTargetingTest.php" line="33" assertions="1" time="0.000062"/>
      <testcase name="isValid_valid" class="UserTasks_TikTok_CTargetingTest" classname="UserTasks_TikTok_CTargetingTest" file="/home/darkhole/Projects/actions_sandbox/phptests/UserTasks/TikTok/CTargetingTest.php" line="39" assertions="1" time="0.000056"/>
      <testcase name="isValid_commonFieldsNotEmpty" class="UserTasks_TikTok_CTargetingTest" classname="UserTasks_TikTok_CTargetingTest" file="/home/darkhole/Projects/actions_sandbox/phptests/UserTasks/TikTok/CTargetingTest.php" line="45" assertions="3" time="0.000059"/>
      <testcase name="isValid_coverageNotEmpty" class="UserTasks_TikTok_CTargetingTest" classname="UserTasks_TikTok_CTargetingTest" file="/home/darkhole/Projects/actions_sandbox/phptests/UserTasks/TikTok/CTargetingTest.php" line="53" assertions="1" time="0.000055"/>
      <testcase name="isValid_atLeastOneCoverageFields" class="UserTasks_TikTok_CTargetingTest" classname="UserTasks_TikTok_CTargetingTest" file="/home/darkhole/Projects/actions_sandbox/phptests/UserTasks/TikTok/CTargetingTest.php" line="59" assertions="1" time="0.000055"/>
    </testsuite>
    <testsuite name="UserTasks_VK_CCropsTest" file="/home/darkhole/Projects/actions_sandbox/phptests/UserTasks/VK/CCropsTest.php" tests="6" assertions="9" errors="0" warnings="0" failures="0" skipped="0" time="0.000388">
      <testcase name="implements_IUserTask" class="UserTasks_VK_CCropsTest" classname="UserTasks_VK_CCropsTest" file="/home/darkhole/Projects/actions_sandbox/phptests/UserTasks/VK/CCropsTest.php" line="27" assertions="1" time="0.000097"/>
      <testcase name="toJson_basic" class="UserTasks_VK_CCropsTest" classname="UserTasks_VK_CCropsTest" file="/home/darkhole/Projects/actions_sandbox/phptests/UserTasks/VK/CCropsTest.php" line="33" assertions="1" time="0.000060"/>
      <testcase name="isValid_valid" class="UserTasks_VK_CCropsTest" classname="UserTasks_VK_CCropsTest" file="/home/darkhole/Projects/actions_sandbox/phptests/UserTasks/VK/CCropsTest.php" line="39" assertions="1" time="0.000055"/>
      <testcase name="isValid_commonFieldsNotEmpty" class="UserTasks_VK_CCropsTest" classname="UserTasks_VK_CCropsTest" file="/home/darkhole/Projects/actions_sandbox/phptests/UserTasks/VK/CCropsTest.php" line="45" assertions="3" time="0.000060"/>
      <testcase name="isValid_coverageNotEmpty" class="UserTasks_VK_CCropsTest" classname="UserTasks_VK_CCropsTest" file="/home/darkhole/Projects/actions_sandbox/phptests/UserTasks/VK/CCropsTest.php" line="53" assertions="1" time="0.000056"/>
      <testcase name="isValid_atLeastOneCoverageFields" class="UserTasks_VK_CCropsTest" classname="UserTasks_VK_CCropsTest" file="/home/darkhole/Projects/actions_sandbox/phptests/UserTasks/VK/CCropsTest.php" line="59" assertions="2" time="0.000060"/>
    </testsuite>
    <testsuite name="UserTasks_VK_CTargetingTest" file="/home/darkhole/Projects/actions_sandbox/phptests/UserTasks/VK/CTargetingTest.php" tests="6" assertions="10" errors="0" warnings="0" failures="0" skipped="0" time="0.000405">
      <testcase name="implements_IUserTask" class="UserTasks_VK_CTargetingTest" classname="UserTasks_VK_CTargetingTest" file="/home/darkhole/Projects/actions_sandbox/phptests/UserTasks/VK/CTargetingTest.php" line="27" assertions="1" time="0.000097"/>
      <testcase name="toJson_basic" class="UserTasks_VK_CTargetingTest" classname="UserTasks_VK_CTargetingTest" file="/home/darkhole/Projects/actions_sandbox/phptests/UserTasks/VK/CTargetingTest.php" line="33" assertions="1" time="0.000067"/>
      <testcase name="isValid_valid" class="UserTasks_VK_CTargetingTest" classname="UserTasks_VK_CTargetingTest" file="/home/darkhole/Projects/actions_sandbox/phptests/UserTasks/VK/CTargetingTest.php" line="39" assertions="1" time="0.000056"/>
      <testcase name="isValid_commonFieldsNotEmpty" class="UserTasks_VK_CTargetingTest" classname="UserTasks_VK_CTargetingTest" file="/home/darkhole/Projects/actions_sandbox/phptests/UserTasks/VK/CTargetingTest.php" line="45" assertions="3" time="0.000059"/>
      <testcase name="isValid_coverageNotEmpty" class="UserTasks_VK_CTargetingTest" classname="UserTasks_VK_CTargetingTest" file="/home/darkhole/Projects/actions_sandbox/phptests/UserTasks/VK/CTargetingTest.php" line="53" assertions="1" time="0.000056"/>
      <testcase name="isValid_atLeastOneCoverageFields" class="UserTasks_VK_CTargetingTest" classname="UserTasks_VK_CTargetingTest" file="/home/darkhole/Projects/actions_sandbox/phptests/UserTasks/VK/CTargetingTest.php" line="59" assertions="3" time="0.000070"/>
    </testsuite>
    <testsuite name="UserTasks_YouTube_CCropsTest" file="/home/darkhole/Projects/actions_sandbox/phptests/UserTasks/YouTube/CCropsTest.php" tests="6" assertions="8" errors="0" warnings="0" failures="3" skipped="0" time="0.038990">
      <testcase name="implements_IUserTask" class="UserTasks_YouTube_CCropsTest" classname="UserTasks_YouTube_CCropsTest" file="/home/darkhole/Projects/actions_sandbox/phptests/UserTasks/YouTube/CCropsTest.php" line="27" assertions="1" time="0.000102"/>
      <testcase name="toJson_basic" class="UserTasks_YouTube_CCropsTest" classname="UserTasks_YouTube_CCropsTest" file="/home/darkhole/Projects/actions_sandbox/phptests/UserTasks/YouTube/CCropsTest.php" line="33" assertions="1" time="0.038290">
        <failure type="PHPUnit\Framework\ExpectationFailedException">UserTasks_YouTube_CCropsTest::toJson_basic
Failed asserting that two strings are identical.
--- Expected
+++ Actual
@@ @@
-'{"coverage":1,"date":"21.11.2010","description":"d","network":"YouTube","subscribers":1,"track":"t","type":"crops"}'
+'{"artist":null,"coverage":1,"date":"21.11.2010","description":"d","network":"YouTube","subscribers":1,"track":"t","type":"crops"}'

/home/darkhole/Projects/actions_sandbox/phptests/BasicTaskUseCase.class.php:35
</failure>
      </testcase>
      <testcase name="isValid_valid" class="UserTasks_YouTube_CCropsTest" classname="UserTasks_YouTube_CCropsTest" file="/home/darkhole/Projects/actions_sandbox/phptests/UserTasks/YouTube/CCropsTest.php" line="39" assertions="1" time="0.000189">
        <failure type="PHPUnit\Framework\ExpectationFailedException">UserTasks_YouTube_CCropsTest::isValid_valid
Failed asserting that false is true.

/home/darkhole/Projects/actions_sandbox/phptests/BasicTaskUseCase.class.php:41
</failure>
      </testcase>
      <testcase name="isValid_commonFieldsNotEmpty" class="UserTasks_YouTube_CCropsTest" classname="UserTasks_YouTube_CCropsTest" file="/home/darkhole/Projects/actions_sandbox/phptests/UserTasks/YouTube/CCropsTest.php" line="45" assertions="3" time="0.000148"/>
      <testcase name="isValid_coverageNotEmpty" class="UserTasks_YouTube_CCropsTest" classname="UserTasks_YouTube_CCropsTest" file="/home/darkhole/Projects/actions_sandbox/phptests/UserTasks/YouTube/CCropsTest.php" line="53" assertions="1" time="0.000124"/>
      <testcase name="isValid_atLeastOneCoverageFields" class="UserTasks_YouTube_CCropsTest" classname="UserTasks_YouTube_CCropsTest" file="/home/darkhole/Projects/actions_sandbox/phptests/UserTasks/YouTube/CCropsTest.php" line="59" assertions="1" time="0.000137">
        <failure type="PHPUnit\Framework\ExpectationFailedException">UserTasks_YouTube_CCropsTest::isValid_atLeastOneCoverageFields
coverage
Failed asserting that false is true.

/home/darkhole/Projects/actions_sandbox/phptests/BasicTaskUseCase.class.php:64
</failure>
      </testcase>
    </testsuite>
    <testsuite name="UserTasks_YouTube_CTargetingTest" file="/home/darkhole/Projects/actions_sandbox/phptests/UserTasks/YouTube/CTargetingTest.php" tests="6" assertions="8" errors="0" warnings="0" failures="0" skipped="0" time="0.000805">
      <testcase name="implements_IUserTask" class="UserTasks_YouTube_CTargetingTest" classname="UserTasks_YouTube_CTargetingTest" file="/home/darkhole/Projects/actions_sandbox/phptests/UserTasks/YouTube/CTargetingTest.php" line="27" assertions="1" time="0.000203"/>
      <testcase name="toJson_basic" class="UserTasks_YouTube_CTargetingTest" classname="UserTasks_YouTube_CTargetingTest" file="/home/darkhole/Projects/actions_sandbox/phptests/UserTasks/YouTube/CTargetingTest.php" line="33" assertions="1" time="0.000127"/>
      <testcase name="isValid_valid" class="UserTasks_YouTube_CTargetingTest" classname="UserTasks_YouTube_CTargetingTest" file="/home/darkhole/Projects/actions_sandbox/phptests/UserTasks/YouTube/CTargetingTest.php" line="39" assertions="1" time="0.000117"/>
      <testcase name="isValid_commonFieldsNotEmpty" class="UserTasks_YouTube_CTargetingTest" classname="UserTasks_YouTube_CTargetingTest" file="/home/darkhole/Projects/actions_sandbox/phptests/UserTasks/YouTube/CTargetingTest.php" line="45" assertions="3" time="0.000121"/>
      <testcase name="isValid_coverageNotEmpty" class="UserTasks_YouTube_CTargetingTest" classname="UserTasks_YouTube_CTargetingTest" file="/home/darkhole/Projects/actions_sandbox/phptests/UserTasks/YouTube/CTargetingTest.php" line="53" assertions="1" time="0.000113"/>
      <testcase name="isValid_atLeastOneCoverageFields" class="UserTasks_YouTube_CTargetingTest" classname="UserTasks_YouTube_CTargetingTest" file="/home/darkhole/Projects/actions_sandbox/phptests/UserTasks/YouTube/CTargetingTest.php" line="59" assertions="1" time="0.000124"/>
    </testsuite>
    <testsuite name="Trash" file="/home/darkhole/Projects/actions_sandbox/phptests/trashTest.php" tests="1" assertions="0" errors="0" warnings="1" failures="0" skipped="0" time="0.000260">
      <testcase name="Warning" assertions="0" time="0.000260">
        <warning type="PHPUnit\Framework\Warning">Warning
No tests found in class "Trash".

</warning>
      </testcase>
    </testsuite>
  </testsuite>
</testsuites>
